Terminal log file
Date: 2016-06-13 - 09:10:35
-----------------------------------------------
MPL115A1_Pressure;BMP180_Pressure;BMP180_Temperature
970161;977040;25045
970084;977117;25114
969848;977113;25141
970106;977097;25144
970104;977057;25145
970114;977051;25151
970355;977062;25157
970020;977054;25162
970027;977070;25167
970218;977061;25167
970094;977053;25169
970193;977079;25180
970012;977031;25179
970409;977049;25190
970313;977047;25193
970263;977042;25196
970648;977040;25202
970107;977040;25207
970330;977029;25205
970211;977033;25208
970250;977051;25218
970211;977047;25218
970211;977067;25214
970446;977070;25216
970392;977074;25221
970096;977075;25229
970097;977065;25232
970228;977051;25237
970223;977079;25243
970211;977036;25239
970176;977036;25242
970290;977040;25245
970320;977028;25242
970295;977067;25252
970228;977090;25255
970258;977086;25256
970362;977074;25250
970427;977099;25260
970315;977100;25258
970206;977113;25265
970208;977140;25270
970357;977110;25264
970258;977130;25274
970372;977122;25272
970571;977134;25275
970231;977147;25279
970432;977159;25282
970325;977164;25285
970307;977156;25286
970461;977156;25286
970533;977167;25291
970506;977163;25294
970511;977154;25293
970367;977193;25303
970479;977218;25308
970479;977225;25310
970313;977241;25314
970528;977230;25314
970469;977239;25318
970317;977245;25320
970456;977244;25320
970447;977253;25322
970375;977280;25327
970434;977286;25328
970449;977273;25323
970486;977282;25325
970585;977299;25327
970342;977303;25332
970313;977318;25338
970538;977322;25340
970501;977344;25345
970404;977337;25345
970479;977337;25345
970454;977342;25348
970432;977360;25354
970380;977357;25353
970504;977378;25361
970556;977379;25362
970717;977394;25370
970385;977396;25370
970556;977398;25371
970424;977395;25370
970481;977406;25373
970337;977412;25377
970509;977406;25376
970456;977401;25377
970446;977396;25374
970313;977421;25381
970449;977434;25384
970764;977447;25386
970439;977471;25394
970295;977474;25395
970427;977474;25394
970707;977474;25393
970295;977468;25396
970466;977468;25396
970315;977477;25401
970630;977492;25404
970456;977488;25406
970375;977490;25411
970585;977508;25416
970615;977474;25415
970404;977503;25416
970419;977489;25418
970449;977489;25421
970792;977517;25423
970528;977516;25420
970672;977516;25421
970759;977530;25421
970432;977536;25423
970605;977539;25425
970295;977540;25423
970635;977536;25421
970667;977548;25425
970499;977557;25427
970546;977557;25425
970521;977554;25427
970811;977570;25430
970739;977568;25428
970680;977574;25431
970975;977573;25432
970578;977592;25438
970970;977597;25438
970417;977616;25443
970662;977626;25447
970712;977618;25449
970717;977620;25450
970858;977621;25452
970625;977652;25456
970652;977652;25459
970712;977678;25464
971025;977691;25469
970724;977703;25472
970868;977681;25466
970960;977696;25470
970521;977710;25472
970707;977702;25471
971044;977709;25473
970868;977722;25478
970576;977718;25475
970938;977727;25478
971020;977730;25479
970516;977739;25484
971250;977737;25483
970913;977738;25482
971387;977748;25483
971050;977745;25485
970888;977739;25484
970804;977741;25487
971077;977744;25486
970861;977754;25488
970888;977759;25491
971362;977760;25489
971700;977759;25480
971121;977800;25467
971566;977786;25456
970901;977809;25463
971638;977796;25464
971399;977825;25466
971169;977828;25460
971097;977855;25463
971035;977838;25458
971536;977871;25462
971665;977863;25463
970868;977862;25459
971427;977876;25455
971536;977872;25448
971432;977859;25452
971375;977867;25454
971402;977869;25445
971586;977871;25443
971553;977870;25440
971747;977864;25430
971504;977866;25427
971633;977872;25427
971395;977898;25429
971501;977853;25428
971533;977866;25421
971682;977881;25419
971499;977917;25417
971255;977941;25416
971548;977970;25412
971685;977976;25410
971576;977977;25407
971417;977958;25406
971812;978003;25409
972027;978000;25405
971677;977992;25392
971809;978000;25388
971623;978047;25393
971437;978027;25389
971628;978044;25395
971943;978029;25391
971710;978046;25394
971598;978054;25392
971655;978056;25392
971305;978046;25388
971735;978025;25388
971494;978034;25390
971466;978038;25391
972025;978008;25386
971779;978059;25396
971462;978051;25388
971913;978071;25387
971702;978097;25382
971886;978111;25379
971541;978142;25376
972020;978162;25382
971541;978157;25381
971727;978150;25380
971886;978163;25373
971618;978182;25377
971481;978175;25376
971801;978182;25375
971804;978187;25373
971618;978197;25365
971727;978209;25367
971804;978224;25366
971834;978215;25359
971427;978213;25362
971749;978234;25370
971749;978234;25367
971615;978229;25369
971563;978206;25367
971881;978208;25365
971536;978218;25368
971911;978225;25368
971486;978219;25368
971484;978247;25371
971936;978232;25369
971725;978250;25371
971807;978252;25369
972067;978244;25363
971985;978251;25361
971533;978273;25361
971869;978280;25357
971826;978267;25353
971749;978284;25348
972065;978292;25329
971715;978262;25320
971906;978283;25322
971717;978331;25328
971851;978325;25322
971692;978339;25322
972191;978327;25321
972062;978329;25318
971243;978334;25321
971819;978331;25322
971605;978351;25321
971630;978340;25317
971869;978323;25314
972010;978306;25315
971767;978291;25316
971878;978326;25314
971906;978319;25309
971739;978345;25309
971864;978355;25313
971578;978335;25309
971583;978365;25309
971975;978381;25309
971563;978401;25311
971672;978383;25302
971662;978379;25290
971886;978388;25289
972191;978397;25294
971814;978398;25294
971963;978416;25295
972057;978440;25296
971873;978402;25295
971888;978398;25296
971337;978386;25295
971940;978378;25289
971561;978395;25288
971796;978444;25287
971513;978422;25279
971784;978431;25278
971546;978432;25281
971732;978379;25260
971667;978408;25240
972184;978389;25236
971581;978411;25230
971700;978426;25237
971670;978437;25237
972119;978455;25237
971725;978467;25235
971804;978499;25234
972218;978504;25227
972191;978525;25218
971938;978529;25219
972293;978539;25214
971943;978556;25216
971814;978604;25216
971896;978632;25215
971990;978650;25213
972017;978673;25210
972226;978653;25210
972124;978671;25213
972397;978648;25209
972007;978636;25211
971985;978638;25211
972156;978627;25207
972057;978608;25202
972271;978640;25196
971673;978661;25190
971722;978677;25188
972166;978718;25192
972151;978698;25192
971931;978717;25191
971640;978769;25187
972233;978770;25184
972427;978773;25175
972067;978774;25171
972323;978773;25171
972271;978771;25168
972563;978779;25165
972062;978797;25168
971869;978804;25170
972196;978788;25165
972323;978793;25167
972725;978798;25167
972410;978792;25164
972273;978793;25157
972164;978826;25144
972137;978839;25140
972320;978805;25140
972134;978833;25144
972134;978811;25144
972293;978812;25144
972186;978828;25144
972663;978854;25144
972104;978872;25144
972794;978877;25144
972819;978864;25144
972477;978889;25142
972740;978919;25142
972851;978906;25140
972926;978951;25142
972770;978939;25136
972742;978996;25144
972717;978977;25140
972896;978980;25142
972608;978974;25139
972767;978951;25131
972874;978995;25140
972635;978975;25138
972772;978950;25133
972638;978936;25124
972874;978950;25125
972794;978943;25113
972792;978921;25100
972772;978947;25101
972606;978957;25095
972899;978944;25093
972904;978956;25094
973109;978965;25096
973139;979001;25094
973293;979024;25096
973296;979027;25093
973134;979024;25091
973030;979042;25093
972921;979056;25095
973164;979060;25096
973504;979075;25096
973003;979062;25092
973055;979064;25093
973268;979059;25086
973082;979050;25083
973189;979067;25078
973033;979059;25076
973298;979082;25076
972923;979090;25070
973452;979117;25070
972762;979135;25066
973427;979098;25053
973455;979140;25053
973400;979132;25054
973318;979126;25050
973186;979142;25041
973293;979147;25044
973345;979190;25046
973417;979194;25041
973288;979199;25034
973392;979222;25037
973261;979230;25030
973214;979221;25024
973129;979232;25025
973132;979228;25023
972963;979223;25027
973209;979224;25026
973425;979221;25023
973291;979232;25020
973229;979243;25022
973263;979229;25020
973365;979217;25014
973447;979257;25019
973251;979236;25018
973181;979249;25020
973311;979232;25019
973450;979258;25021
973154;979286;25021
973368;979284;25021
973450;979306;25023
972983;979301;25021
973236;979307;25013
973234;979310;25011
973119;979332;25012
973231;979332;25000
973251;979364;24996
973149;979370;24998
973199;979387;24999
973363;979391;25001
973576;979384;24999
972976;979405;25000
973219;979403;25002
973469;979421;25008
973152;979404;25005
973201;979384;25006
973447;979378;25005
973095;979379;25003
973229;979395;24998
973067;979412;24996
973100;979436;24994
973189;979461;24989
973281;979447;24989
973117;979461;24990
973333;979495;24991
972849;979521;24993
973194;979525;24995
973251;979541;24987
973333;979548;24989
973358;979570;24989
973251;979587;24989
973268;979577;24986
973182;979583;24983
973281;979588;24986
973060;979588;24988
973085;979572;24987
973422;979577;24977
973110;979573;24971
973368;979556;24971
973219;979543;24968
973353;979551;24972
972976;979597;24976
973082;979578;24969
973293;979592;24970
973110;979607;24971
972951;979596;24969
973149;979598;24967
973189;979615;24966
972971;979600;24959
973110;979623;24958
973050;979665;24965
973095;979630;24962
972849;979664;24960
973082;979706;24954
973134;979695;24948
973030;979704;24954
973115;979685;24954
973139;979709;24956
973194;979719;24963
973082;979732;24963
973102;979734;24966
973224;979753;24965
973105;979789;24964
973519;979829;24969
973134;979807;24968
972859;979806;24968
972966;979798;24964
973137;979844;24966
973164;979793;24952
973137;979810;24954
973125;979841;24953
973177;979850;24955
973395;979880;24954
973055;979901;24950
973154;979924;24949
973142;979917;24950
973157;979922;24948
973134;979956;24948
973457;979978;24947
973370;979926;24946
973333;979980;24951
973323;979979;24949
973164;980003;24955
973244;979966;24951
973206;979991;24950
973298;979990;24948
972981;980000;24947
973209;980001;24947
973425;980011;24946
973055;980006;24945
973306;980002;24945
973489;980008;24945
973268;980021;24945
973234;980032;24941
973432;980056;24924
973239;980059;24900
973442;980079;24895
973020;980086;24902
972963;980083;24911
973067;980097;24920
973134;980051;24920
973273;980043;24923
973742;980038;24922
973467;980063;24925
973591;980080;24925
973018;980081;24927
973613;980122;24926
973122;980120;24925
973487;980115;24921
973246;980128;24920
973507;980140;24922
973668;980172;24921
973450;980186;24919
973378;980184;24917
973606;980198;24917
973323;980221;24916
973345;980202;24914
973420;980251;24916
973360;980228;24915
973742;980241;24916
973718;980240;24917
973666;980231;24916
973532;980233;24916
973477;980229;24913
973795;980231;24913
973559;980233;24904
973474;980205;24891
973576;980222;24890
973517;980231;24880
973179;980246;24855
973122;980235;24841
973336;980189;24817
973323;980206;24825
973465;980239;24822
973442;980267;24824
973559;980271;24825
973316;980290;24839
973695;980306;24839
973606;980327;24843
973705;980352;24847
973916;980360;24847
973864;980386;24848
973767;980392;24839
973891;980389;24830
974159;980384;24825
973452;980418;24826
973450;980389;24824
973474;980438;24839
973487;980397;24829
973335;980383;24825
973762;980390;24829
973522;980424;24830
973844;980433;24834
974338;980459;24842
973862;980443;24838
974097;980461;24843
973829;980471;24843
973571;980443;24837
973673;980468;24840
973919;980491;24837
974132;980473;24831
973591;980505;24835
973966;980507;24833
974259;980541;24835
974045;980545;24829
973988;980520;24823
974117;980532;24827
974105;980536;24829
973661;980560;24835
973991;980535;24829
974177;980526;24827
974147;980560;24824
973889;980547;24827
973916;980540;24827
974125;980563;24825
974420;980564;24822
973891;980580;24824
974115;980609;24824
974405;980620;24822
973904;980643;24823
974405;980641;24823
974358;980649;24827
974668;980639;24814
974569;980682;24819
973904;980683;24818
974494;980677;24821
974199;980649;24814
974216;980659;24810
974323;980627;24802
974373;980667;24802
974321;980673;24802
974400;980685;24804
974157;980675;24802
974266;980706;24804
974579;980749;24805
974743;980744;24804
974139;980763;24804
974276;980753;24804
974355;980740;24805
974003;980766;24803
974321;980800;24804
974472;980815;24809
974820;980816;24809
974499;980815;24810
974554;980836;24813
974534;980851;24814
974288;980849;24814
974564;980835;24814
974710;980841;24816
974532;980843;24816
974184;980831;24815
974584;980854;24816
974668;980868;24821
974671;980855;24819
974802;980845;24821
974343;980854;24821
974331;980857;24817
974641;980883;24824
974502;980909;24824
974666;980899;24823
974852;980926;24821
974534;980950;24829
974661;980958;24823
974576;980931;24821
974405;980996;24828
974817;980990;24819
974557;981019;24819
974663;981028;24818
974817;981034;24816
974527;981032;24817
974663;981034;24816
974611;981045;24822
974296;981030;24817
974792;981046;24819
974951;981035;24817
974688;981053;24824
974472;981040;24822
974710;981043;24823
974524;981046;24822
974393;981082;24826
974554;981079;24823
974395;981061;24822
974849;981090;24825
974713;981098;24823
974609;981129;24825
974477;981124;24815
974790;981159;24821
974738;981160;24821
974976;981156;24820
974661;981171;24820
974375;981154;24821
974628;981168;24826
974710;981164;24825
974452;981159;24824
974790;981185;24827
974713;981198;24816
974819;981181;24798
975030;981187;24794
974311;981205;24798
974815;981222;24807
974455;981221;24803
974631;981252;24805
974311;981214;24798
974710;981269;24804
974738;981252;24797
974760;981264;24797
974663;981289;24800
974472;981285;24798
974708;981303;24800
974581;981284;24796
974653;981319;24799
974681;981332;24799
974549;981332;24798
974976;981372;24804
974894;981401;24798
974705;981392;24800
974631;981408;24802
974502;981364;24803
974470;981336;24802
975085;981367;24807
974797;981380;24807
974579;981404;24807
974740;981374;24800
974601;981416;24803
975031;981456;24807
974815;981482;24800
975016;981478;24806
974872;981477;24800
974901;981502;24804
974524;981514;24801
974527;981517;24798
974735;981507;24789
974842;981484;24782
974636;981496;24785
974656;981510;24789
974763;981531;24795
974740;981526;24795
974869;981538;24799
974924;981541;24801
974606;981539;24800
975031;981542;24800
974842;981544;24799
975026;981556;24799
975187;981567;24798
974661;981595;24801
974738;981591;24800
974740;981612;24802
974817;981627;24802
974847;981629;24802
974685;981649;24804
974867;981676;24804
974869;981665;24807
975140;981673;24804
975199;981676;24803
975055;981669;24800
974604;981692;24802
974874;981703;24804
974633;981701;24805
975137;981702;24801
974872;981728;24803
975430;981724;24799
975199;981725;24798
975460;981711;24798
975008;981717;24802
975192;981721;24802
974824;981706;24803
974827;981694;24803

-----------------------------------------------
Date: 2016-06-13 - 09:17:24
End log file
