Terminal log file
Date: 2016-06-13 - 08:51:10
-----------------------------------------------
MPL115A1_Pressure;BMP180_Pressure;BMP180_Temperature
974879;981904;22353
974859;981860;22411
974750;981859;22432
975043;981846;22445
974616;981862;22457
974705;981867;22464
974867;981866;22474
974914;981881;22487
974834;981855;22487
974882;981850;22497
974996;981835;22501
974782;981811;22503
974916;981824;22511
974760;981816;22513
974996;981824;22514
974730;981797;22517
974914;981763;22518
974785;981749;22526
974738;981744;22530
975001;981729;22534
974869;981740;22540
974626;981723;22539
974708;981707;22545
974758;981689;22545
974817;981684;22550
974631;981686;22552
974839;981675;22553
974790;981651;22553
974706;981672;22557
975001;981678;22561
974817;981689;22562
974979;981670;22562
975033;981668;22566
974974;981652;22565
974951;981613;22568
974733;981619;22575
975055;981606;22574
975058;981580;22579
974790;981572;22587
975003;981524;22588
974974;981515;22590
974897;981506;22593
974837;981501;22595
975006;981473;22595
974586;981475;22597
974897;981484;22602
974979;981470;22600
974817;981464;22600
974974;981454;22597
974820;981471;22598
974534;981456;22598
974745;981444;22603
974775;981453;22616
974904;981463;22624
974693;981433;22627
974822;981399;22626
974849;981369;22629
974795;981374;22638
975028;981352;22638
974867;981347;22638
974857;981347;22643
974842;981348;22643
974777;981355;22644
975033;981315;22644
974743;981321;22647
974772;981330;22646
974820;981328;22645
974872;981313;22641
974326;981320;22646
974534;981298;22644
974879;981290;22648
974907;981272;22656
974589;981249;22656
974693;981249;22665
974723;981244;22667
974542;981256;22673
974931;981233;22677
974467;981214;22677
974740;981214;22680
974519;981224;22685
974899;981207;22683
974308;981211;22679
974775;981175;22663
974907;981192;22659
974440;981166;22663
974698;981159;22671
974874;981169;22682
974641;981169;22684
974770;981171;22688
974830;981156;22688
974415;981156;22689
974879;981158;22684
974800;981143;22683
974621;981131;22686
974385;981124;22687
974393;981101;22692
974207;981088;22695
974564;981117;22698
974827;981097;22693
974569;981059;22688
974646;981101;22686
974539;981086;22684
974619;981074;22686
974775;981029;22688
974363;980972;22692
974365;980960;22696
974318;980963;22696
974460;980962;22703
974259;980936;22707
974336;980894;22702
974281;980856;22705
974410;980856;22709
974125;980877;22707
974182;980861;22705
974564;980863;22712
974236;980868;22711
974256;980836;22712
974356;980800;22713
974229;980837;22718
974415;980837;22723
974465;980784;22715
973996;980780;22715
973765;980757;22715
974361;980783;22718
974120;980747;22714
973837;980739;22715
974085;980735;22713
974003;980732;22716
973683;980701;22717
974336;980690;22723
973601;980704;22730
974308;980716;22726
974616;980687;22721
974311;980677;22720
974420;980677;22728
974413;980696;22738
974306;980687;22729
973993;980679;22719
974102;980651;22714
974070;980619;22716
973996;980604;22720
973683;980570;22723
974127;980573;22725
973817;980542;22725
973787;980560;22732
973790;980549;22728
974040;980561;22729
974413;980561;22730
973946;980550;22732
973549;980536;22729
974311;980530;22727
973839;980543;22730
974100;980554;22732
973869;980525;22731
973398;980510;22729
973981;980474;22726
973651;980497;22732
973872;980515;22746
973427;980484;22745
973765;980484;22749
973261;980470;22746
973683;980466;22749
972817;980457;22747
973787;980414;22746
973320;980400;22746
973477;980438;22750
973499;980430;22757
973442;980416;22752
973057;980404;22755
973606;980407;22752
973209;980417;22756
973340;980397;22754
973318;980411;22759
973320;980383;22753
974028;980374;22752
973291;980371;22752
973502;980347;22756
973315;980346;22759
973214;980327;22761
973375;980304;22760
973102;980281;22759
973320;980272;22761
972976;980262;22766
973137;980259;22767
973077;980271;22770
972899;980252;22770
972899;980255;22770
972769;980273;22774
972951;980294;22782
973534;980262;22780
973033;980300;22790
973398;980256;22784
972980;980250;22788
972901;980224;22786
972819;980201;22782
973057;980214;22786
973055;980184;22792
972665;980155;22792
973057;980146;22794
972846;980146;22795
972899;980102;22795
973184;980077;22795
972827;980081;22802
972980;980078;22807
972740;980090;22812
973191;980080;22810
973057;980068;22809
972742;980065;22809
972978;980071;22810
972688;980063;22809
972797;980040;22807
973005;980055;22809
973246;980048;22811
972931;980040;22814
972345;980042;22816
972660;980017;22818
972797;979994;22815
972767;979984;22816
972690;979966;22820
972981;979938;22823
972931;979893;22818
972767;979904;22824
972715;979904;22831
972767;979900;22832
972583;979897;22833
972454;979919;22834
972874;979924;22836
973040;979922;22841
972933;979910;22843
972715;979895;22846
972906;979898;22847
972452;979835;22840
972504;979834;22839
972643;979829;22841
972846;979811;22847
972668;979798;22849
972429;979796;22852
972715;979775;22848
972216;979785;22851
972881;979775;22856
972693;979778;22859
972884;979787;22863
972588;979786;22861
972745;979798;22862
972807;979769;22858
972621;979788;22864
972621;979778;22864
972804;979770;22862
972777;979775;22868
972623;979763;22867
972668;979751;22862
972884;979748;22862
972593;979752;22867
972454;979728;22868
972963;979642;22871
972566;979620;22875
972536;979594;22880
972410;979603;22882
972658;979606;22887
972665;979624;22890
972509;979603;22890
972591;979595;22895
972961;979617;22902
972591;979567;22896
972442;979548;22895
972831;979543;22895
972390;979543;22895
972618;979544;22895
972680;979511;22898
972745;979484;22897
972804;979469;22899
972489;979477;22900
972809;979450;22899
972325;979476;22909
972385;979446;22909
972556;979430;22914
972308;979443;22916
972521;979430;22918
972487;979435;22921
972598;979432;22926
972601;979438;22923
972752;979430;22924
972382;979425;22925
972836;979406;22923
972382;979400;22924
972357;979401;22925
972737;979360;22924
972722;979385;22924
972576;979380;22931
972472;979320;22928
973105;979289;22932
972479;979312;22934
972648;979306;22938
972206;979304;22943
972300;979284;22945
972278;979280;22950
972420;979289;22951
972618;979290;22955
972300;979299;22960
972497;979292;22960
972313;979293;22967
972487;979293;22968
972583;979266;22970
972263;979250;22970
972340;979221;22973
972435;979203;22972
972735;979203;22974
972812;979197;22976
972256;979177;22976
972576;979175;22976
972313;979143;22975
972099;979127;22977
972156;979135;22986
972335;979121;22988
972509;979132;22990
972635;979130;22993
972643;979139;22997
972268;979134;23001
972457;979119;22999
971995;979110;22999
972355;979084;23000
972209;979065;23002
972402;979054;23005
972591;979054;23011
972539;979031;23009
972199;979031;23013
972298;979008;23012
972060;978980;23013
972355;978983;23022
972035;978959;23022
972169;978952;23026
972400;978983;23033
972018;978979;23030
971926;978979;23035
972169;978977;23035
972109;978975;23036
972439;978969;23038
971767;978939;23034
972434;978918;23036
972020;978924;23036
971660;978910;23034
972248;978881;23030
972099;978884;23034
971898;978872;23035
971772;978865;23041
971958;978853;23045
972045;978854;23050
971568;978831;23049
971767;978809;23048
972144;978828;23057
972156;978833;23060
971881;978852;23060
971767;978852;23061
972020;978856;23063
972055;978790;23055
971906;978779;23057
971340;978787;23061
971603;978740;23064
971918;978720;23068
971715;978708;23069
971496;978730;23075
971774;978709;23079
971658;978704;23080
971477;978699;23086
971563;978667;23085
971395;978688;23094
971328;978664;23093
971722;978665;23095
971427;978658;23093
971581;978655;23098
971578;978625;23096
971318;978609;23102
971370;978594;23104
971402;978559;23099
971047;978559;23097
971243;978535;23096
971266;978528;23098
971300;978541;23103
971347;978568;23112
971300;978552;23109
971139;978560;23114
971323;978551;23117
970975;978562;23115
971164;978559;23123
971223;978546;23119
971196;978535;23121
971278;978517;23129
971223;978546;23135
971092;978495;23136
971218;978447;23137
971146;978450;23146
971211;978431;23144
971323;978437;23152
971114;978429;23155
971198;978399;23150
971035;978379;23153
971114;978355;23152
971040;978372;23153
971196;978363;23152
971176;978374;23151
971357;978344;23155
971278;978324;23150
971412;978357;23163
971199;978300;23162
971144;978317;23170
971064;978345;23181
971092;978311;23185
971146;978301;23185
971253;978291;23192
971198;978265;23185
971097;978286;23194
971198;978275;23194
971362;978234;23194
971278;978233;23194
971176;978251;23194
971253;978244;23194
971236;978242;23194
971196;978211;23194
971176;978178;23194
971097;978164;23194
971362;978136;23195
971203;978100;23195
971151;978063;23196
971126;978038;23197
971181;978029;23199
971174;978022;23205
971253;978015;23208
971417;977978;23207
971315;978007;23211
971186;978039;23211
971092;978000;23208
971035;977983;23211
971047;978019;23214
971390;978005;23219
971551;977966;23221
971389;977943;23223
971184;977962;23230
971280;977957;23234
971340;977955;23237
971268;977934;23241
971392;977928;23245
971213;977918;23247
971320;977938;23255
971531;977905;23250
971372;977882;23256
971263;977872;23257
971035;977873;23256
971159;977857;23248
971211;977871;23247
971139;977876;23246
971236;977859;23247
971504;977870;23250
971318;977857;23256
970935;977845;23260
971243;977844;23262
971377;977832;23268
971315;977784;23266
971134;977805;23278
971298;977809;23286
971241;977818;23291
971114;977777;23289
970950;977755;23294
970851;977752;23295
970801;977752;23296
971089;977741;23297
970982;977767;23296
971169;977768;23297
970985;977746;23300
971067;977739;23304
971146;977722;23304
971382;977712;23307
970863;977721;23310
971174;977687;23314
971357;977680;23316
970886;977664;23321
971094;977632;23323
970754;977605;23325
970551;977566;23324
971389;977581;23329
970866;977565;23329
971067;977558;23328
970737;977567;23336
970908;977565;23339
971015;977533;23336
970682;977527;23329
970732;977553;23326
970752;977562;23337
971181;977555;23342
970883;977504;23337
970893;977514;23346
970365;977478;23353
970680;977491;23357
970578;977465;23357
970702;977432;23356
970709;977447;23363
970556;977470;23362
970546;977442;23368
970312;977426;23370
970841;977427;23373
970422;977459;23379
970558;977458;23381
970784;977429;23371
970849;977435;23374
970240;977422;23370
970471;977425;23371
970292;977434;23378
970491;977429;23382
970528;977391;23388
970139;977365;23388
970218;977383;23397
970034;977337;23399
970399;977311;23408
970062;977288;23409
970352;977256;23408
970245;977252;23414
970054;977257;23419
970067;977269;23425
970215;977242;23427
970037;977257;23429
970404;977239;23424
969952;977225;23425
970409;977214;23429
970010;977167;23434
969826;977172;23438
970091;977171;23448
970096;977146;23451
970062;977144;23458
969982;977131;23461
969908;977136;23466
969724;977119;23468
970114;977129;23474
970146;977114;23473
970069;977162;23479
970278;977131;23480
970228;977121;23482
969930;977123;23491
970171;977137;23495
970203;977162;23499
970203;977178;23500
970178;977181;23500
970069;977210;23499
969935;977197;23501
970171;977203;23502
970280;977175;23501
970305;977181;23513
969990;977193;23523
970392;977193;23528
970312;977196;23534
969746;977175;23537
970685;977162;23539
970069;977175;23543
970022;977172;23548
970126;977190;23560
970017;977172;23562
970072;977187;23572
970022;977196;23580
969836;977167;23581
969761;977197;23585
970233;977231;23596
969764;977224;23599
970181;977200;23601
970270;977225;23613
970211;977250;23620
969781;977222;23619
969709;977228;23628
970315;977219;23638
970077;977208;23637
970265;977194;23646
970213;977186;23653
970350;977239;23664
970052;977226;23677
970114;977228;23686
970059;977215;23686
970000;977233;23689
970298;977234;23692
970186;977236;23698
970089;977233;23702
970300;977223;23706
969637;977217;23709

-----------------------------------------------
Date: 2016-06-13 - 08:56:45
End log file
